{
  "stats": {
    "suites": 1,
    "tests": 1,
    "passes": 1,
    "pending": 0,
    "failures": 0,
    "start": "2019-04-08T06:11:03.304Z",
    "end": "2019-04-08T06:11:18.185Z",
    "duration": 14881,
    "testsRegistered": 1,
    "passPercent": 100,
    "pendingPercent": 0,
    "other": 0,
    "hasOther": false,
    "skipped": 0,
    "hasSkipped": false,
    "passPercentClass": "success",
    "pendingPercentClass": "danger"
  },
  "suites": {
    "uuid": "318d486a-11fd-406f-b3cb-e320ecc780d4",
    "title": "",
    "fullFile": "",
    "file": "",
    "beforeHooks": [
      {
        "title": "\"before all\" hook",
        "fullTitle": "\"before all\" hook",
        "timedOut": false,
        "duration": 801,
        "pass": false,
        "fail": false,
        "pending": false,
        "code": "global.expect = expect;\nglobal.browser = await puppeteer.launch(opts);",
        "err": {},
        "isRoot": true,
        "uuid": "1d42a710-c3c5-4dbb-a062-f32ac9450567",
        "isHook": true,
        "skipped": false
      }
    ],
    "afterHooks": [
      {
        "title": "\"after all\" hook",
        "fullTitle": "\"after all\" hook",
        "timedOut": false,
        "duration": 67,
        "pass": false,
        "fail": false,
        "pending": false,
        "code": "browser.close();\nglobal.browser = globalVariables.browser;\nglobal.expect = globalVariables.expect;\nsetTimeout(() => { cmd.run('node server.js'); }, 5000); \nsetTimeout(() => { opn('http://localhost:9988'); }, 2000);",
        "err": {},
        "isRoot": true,
        "uuid": "de2e3bef-0f8c-4128-89f8-003fcd31c2bc",
        "isHook": true,
        "skipped": false
      }
    ],
    "tests": [],
    "suites": [
      {
        "uuid": "616c292e-de95-4001-ae5e-c02aab938a8c",
        "title": "simple test for Linkedin Login functionality",
        "fullFile": "/Users/andrewd/Personal/mocha-testing-puppeteer/test/sample.spec.js",
        "file": "/test/sample.spec.js",
        "beforeHooks": [
          {
            "title": "\"before all\" hook",
            "fullTitle": "simple test for Linkedin Login functionality \"before all\" hook",
            "timedOut": false,
            "duration": 2652,
            "pass": false,
            "fail": false,
            "pending": false,
            "code": "/* before hook for mocha testing */\n   page = await browser.newPage();\n   await page.goto(\"https://www.linkedin.com/\");\n   await page.setViewport({ width: 1920, height: 1040 });",
            "err": {},
            "isRoot": false,
            "uuid": "b7492836-8f6f-40ef-b373-76026251ce9a",
            "isHook": true,
            "skipped": false
          }
        ],
        "afterHooks": [
          {
            "title": "\"after all\" hook",
            "fullTitle": "simple test for Linkedin Login functionality \"after all\" hook",
            "timedOut": false,
            "duration": 126,
            "pass": false,
            "fail": false,
            "pending": false,
            "code": "/* after hook for mocha testing */\n    await page.close();",
            "err": {},
            "isRoot": false,
            "uuid": "4cbf99a5-00d1-4c8e-bf3a-2d659bc2a3be",
            "isHook": true,
            "skipped": false
          }
        ],
        "tests": [
          {
            "title": "should login to home page",
            "fullTitle": "simple test for Linkedin Login functionality should login to home page",
            "timedOut": false,
            "duration": 11224,
            "state": "passed",
            "speed": "slow",
            "pass": true,
            "fail": false,
            "pending": false,
            "code": "/* simple test case */\n   const emailInput = \"#login-email\";\n   const passwordInput = \"#login-password\";\n   const submitSelector = \"#login-submit\";\n   linkEmail = await page.$(emailInput);\n   linkPassword = await page.$(passwordInput);\n   linkSubmit = await page.$(submitSelector);\n   await linkEmail.click({ clickCount: 3 });\n   await linkEmail.type(process.env.EMAIL_ADDRESS); // add the email address for linkedin //\n   await linkPassword.click({ clickCount: 3 });\n   await linkPassword.type(process.env.PASSWORD); // add password for linkedin account\n   await linkSubmit.click();\n   await page.waitFor(3000);",
            "err": {},
            "isRoot": false,
            "uuid": "d12b9dad-8a5d-496c-b30c-3c36c4d89bb8",
            "isHook": false,
            "skipped": false
          }
        ],
        "suites": [],
        "passes": [
          "d12b9dad-8a5d-496c-b30c-3c36c4d89bb8"
        ],
        "failures": [],
        "pending": [],
        "skipped": [],
        "duration": 11224,
        "root": false,
        "rootEmpty": false,
        "_timeout": 0
      }
    ],
    "passes": [],
    "failures": [],
    "pending": [],
    "skipped": [],
    "duration": 0,
    "root": true,
    "rootEmpty": true,
    "_timeout": 0
  },
  "copyrightYear": 2019
}