{
  "stats": {
    "suites": 1,
    "tests": 1,
    "passes": 0,
    "pending": 0,
    "failures": 1,
    "start": "2019-04-11T06:52:11.993Z",
    "end": "2019-04-11T06:52:16.240Z",
    "duration": 4247,
    "testsRegistered": 1,
    "passPercent": 0,
    "pendingPercent": 0,
    "other": 0,
    "hasOther": false,
    "skipped": 0,
    "hasSkipped": false,
    "passPercentClass": "danger",
    "pendingPercentClass": "danger"
  },
  "suites": {
    "uuid": "20ad26c4-a9b7-4e3d-9ecc-ec69f4a31969",
    "title": "",
    "fullFile": "",
    "file": "",
    "beforeHooks": [
      {
        "title": "\"before all\" hook",
        "fullTitle": "\"before all\" hook",
        "timedOut": false,
        "duration": 832,
        "pass": false,
        "fail": false,
        "pending": false,
        "code": "global.expect = expect;\nglobal.browser = await puppeteer.launch(opts);",
        "err": {},
        "isRoot": true,
        "uuid": "6d2eaf1e-0d9b-4454-a9c2-a719cbd1f01d",
        "isHook": true,
        "skipped": false
      }
    ],
    "afterHooks": [
      {
        "title": "\"after all\" hook",
        "fullTitle": "\"after all\" hook",
        "timedOut": false,
        "duration": 78,
        "pass": false,
        "fail": false,
        "pending": false,
        "code": "browser.close();\nglobal.browser = globalVariables.browser;\nglobal.expect = globalVariables.expect;\nsetTimeout(() => { cmd.run('node server.js'); }, 5000); \nsetTimeout(() => { opn('http://localhost:9988'); }, 2000);",
        "err": {},
        "isRoot": true,
        "uuid": "69d68011-f131-4bb4-ab50-613a7fda1b2a",
        "isHook": true,
        "skipped": false
      }
    ],
    "tests": [],
    "suites": [
      {
        "uuid": "96c99cee-06bf-4804-b17a-36576ab6664d",
        "title": "Tests for Upwork Login functionalities",
        "fullFile": "/Users/andrewd/Personal/mocha-testing-puppeteer/test/upwork/upwork_login.spec.js",
        "file": "/test/upwork/upwork_login.spec.js",
        "beforeHooks": [
          {
            "title": "\"before all\" hook",
            "fullTitle": "Tests for Upwork Login functionalities \"before all\" hook",
            "timedOut": false,
            "duration": 2665,
            "pass": false,
            "fail": false,
            "pending": false,
            "code": "/* before hook for mocha testing */\n   page = await browser.newPage();\n   await page.goto(\"https://www.upwork.com/\");\n   await page.setViewport({ width: 1920, height: 1040 });",
            "err": {},
            "isRoot": false,
            "uuid": "f065ca40-f2c8-4743-b5c6-6030a4fadbb6",
            "isHook": true,
            "skipped": false
          }
        ],
        "afterHooks": [
          {
            "title": "\"after all\" hook",
            "fullTitle": "Tests for Upwork Login functionalities \"after all\" hook",
            "timedOut": false,
            "duration": 148,
            "pass": false,
            "fail": false,
            "pending": false,
            "code": "/* after hook for mocha testing */\n    await page.close();",
            "err": {},
            "isRoot": false,
            "uuid": "351cf122-05ca-4ebf-8d42-85723b2054ff",
            "isHook": true,
            "skipped": false
          }
        ],
        "tests": [
          {
            "title": "should login to home page",
            "fullTitle": "Tests for Upwork Login functionalities should login to home page",
            "timedOut": false,
            "duration": 512,
            "state": "failed",
            "pass": false,
            "fail": true,
            "pending": false,
            "code": "/* simple test case */\n   const emailInput = \"#login-email\";\n   const passwordInput = \"#login-password\";\n   const submitSelector = \"#login-submit\";\n   linkEmail = await page.$(emailInput);\n   linkPassword = await page.$(passwordInput);\n   linkSubmit = await page.$(submitSelector);\n   await linkEmail.click({ clickCount: 3 });\n   await linkEmail.type(process.env.LINKEDIN_USER); // add the email address for linkedin //\n   await linkPassword.click({ clickCount: 3 });\n   await linkPassword.type(process.env.LINKEDIN_PASSWORD); // add password for linkedin account\n   await linkSubmit.click();\n   await page.waitFor(3000);",
            "err": {
              "message": "TypeError: Cannot read property 'click' of null",
              "estack": "TypeError: Cannot read property 'click' of null\n    at Context.it (test/upwork/upwork_login.spec.js:26:21)"
            },
            "isRoot": false,
            "uuid": "bf68ca0f-a1d5-446c-ac90-9a91a625c9ee",
            "isHook": false,
            "skipped": false
          }
        ],
        "suites": [],
        "passes": [],
        "failures": [
          "bf68ca0f-a1d5-446c-ac90-9a91a625c9ee"
        ],
        "pending": [],
        "skipped": [],
        "duration": 512,
        "root": false,
        "rootEmpty": false,
        "_timeout": 0
      }
    ],
    "passes": [],
    "failures": [],
    "pending": [],
    "skipped": [],
    "duration": 0,
    "root": true,
    "rootEmpty": true,
    "_timeout": 0
  },
  "copyrightYear": 2019
}