{
  "stats": {
    "suites": 1,
    "tests": 1,
    "passes": 1,
    "pending": 0,
    "failures": 0,
    "start": "2019-04-11T06:58:52.071Z",
    "end": "2019-04-11T06:59:01.419Z",
    "duration": 9348,
    "testsRegistered": 1,
    "passPercent": 100,
    "pendingPercent": 0,
    "other": 0,
    "hasOther": false,
    "skipped": 0,
    "hasSkipped": false,
    "passPercentClass": "success",
    "pendingPercentClass": "danger"
  },
  "suites": {
    "uuid": "165470e5-2811-4824-b22d-9647b37be2d3",
    "title": "",
    "fullFile": "",
    "file": "",
    "beforeHooks": [
      {
        "title": "\"before all\" hook",
        "fullTitle": "\"before all\" hook",
        "timedOut": false,
        "duration": 806,
        "pass": false,
        "fail": false,
        "pending": false,
        "code": "global.expect = expect;\nglobal.browser = await puppeteer.launch(opts);",
        "err": {},
        "isRoot": true,
        "uuid": "338a6218-7c20-4d6e-b252-51ca569f76f0",
        "isHook": true,
        "skipped": false
      }
    ],
    "afterHooks": [
      {
        "title": "\"after all\" hook",
        "fullTitle": "\"after all\" hook",
        "timedOut": false,
        "duration": 70,
        "pass": false,
        "fail": false,
        "pending": false,
        "code": "browser.close();\nglobal.browser = globalVariables.browser;\nglobal.expect = globalVariables.expect;\nsetTimeout(() => { cmd.run('node server.js'); }, 5000); \nsetTimeout(() => { opn('http://localhost:9988'); }, 2000);",
        "err": {},
        "isRoot": true,
        "uuid": "fc36df89-6830-4996-aa1f-823f93585d61",
        "isHook": true,
        "skipped": false
      }
    ],
    "tests": [],
    "suites": [
      {
        "uuid": "4454ad66-3bd3-4675-be11-086b5b734ac0",
        "title": "Tests for Upwork Login functionalities",
        "fullFile": "/Users/andrewd/Personal/mocha-testing-puppeteer/test/upwork/upwork_login.spec.js",
        "file": "/test/upwork/upwork_login.spec.js",
        "beforeHooks": [
          {
            "title": "\"before all\" hook",
            "fullTitle": "Tests for Upwork Login functionalities \"before all\" hook",
            "timedOut": false,
            "duration": 4014,
            "pass": false,
            "fail": false,
            "pending": false,
            "code": "/* before hook for mocha testing */\n   page = await browser.newPage();\n   await page.goto(\"https://www.upwork.com/ab/account-security/login\");\n   await page.setViewport({ width: 1920, height: 1040 });",
            "err": {},
            "isRoot": false,
            "uuid": "cd397b0f-5716-423d-a9e6-e254b3572093",
            "isHook": true,
            "skipped": false
          }
        ],
        "afterHooks": [
          {
            "title": "\"after all\" hook",
            "fullTitle": "Tests for Upwork Login functionalities \"after all\" hook",
            "timedOut": false,
            "duration": 130,
            "pass": false,
            "fail": false,
            "pending": false,
            "code": "/* after hook for mocha testing */\n    await page.close();",
            "err": {},
            "isRoot": false,
            "uuid": "ddc4fe26-5a3f-4618-bd8a-6e75a511234b",
            "isHook": true,
            "skipped": false
          }
        ],
        "tests": [
          {
            "title": "should login to home page",
            "fullTitle": "Tests for Upwork Login functionalities should login to home page",
            "timedOut": false,
            "duration": 4321,
            "state": "passed",
            "speed": "slow",
            "pass": true,
            "fail": false,
            "pending": false,
            "code": "/* simple test case */\n   const emailInput = \"#login_username\";\n   const passwordInput = \"#login-password\";\n   const submitSelector = \"#login-submit\";\n   linkEmail = await page.$(emailInput);\n   await linkEmail.click({ clickCount: 3 });\n   await linkEmail.type('testing@email.com'); // add the email address for linkedin //\n   // linkPassword = await page.$(passwordInput);\n   // linkSubmit = await page.$(submitSelector);\n\n   // await linkPassword.click({ clickCount: 3 });\n   // await linkPassword.type(process.env.LINKEDIN_PASSWORD); // add password for linkedin account\n   // await linkSubmit.click();\n   // await page.waitFor(3000);",
            "err": {},
            "isRoot": false,
            "uuid": "fca153f3-9b73-4c03-bae6-4ada92a78dcb",
            "isHook": false,
            "skipped": false
          }
        ],
        "suites": [],
        "passes": [
          "fca153f3-9b73-4c03-bae6-4ada92a78dcb"
        ],
        "failures": [],
        "pending": [],
        "skipped": [],
        "duration": 4321,
        "root": false,
        "rootEmpty": false,
        "_timeout": 0
      }
    ],
    "passes": [],
    "failures": [],
    "pending": [],
    "skipped": [],
    "duration": 0,
    "root": true,
    "rootEmpty": true,
    "_timeout": 0
  },
  "copyrightYear": 2019
}