{
  "stats": {
    "suites": 1,
    "tests": 1,
    "passes": 0,
    "pending": 0,
    "failures": 1,
    "start": "2019-04-11T16:51:13.177Z",
    "end": "2019-04-11T16:51:24.458Z",
    "duration": 11281,
    "testsRegistered": 1,
    "passPercent": 0,
    "pendingPercent": 0,
    "other": 0,
    "hasOther": false,
    "skipped": 0,
    "hasSkipped": false,
    "passPercentClass": "danger",
    "pendingPercentClass": "danger"
  },
  "suites": {
    "uuid": "732dd6bc-039c-4737-bbef-7d25ddcb8907",
    "title": "",
    "fullFile": "",
    "file": "",
    "beforeHooks": [
      {
        "title": "\"before all\" hook",
        "fullTitle": "\"before all\" hook",
        "timedOut": false,
        "duration": 873,
        "pass": false,
        "fail": false,
        "pending": false,
        "code": "global.expect = expect;\nglobal.browser = await puppeteer.launch(opts);",
        "err": {},
        "isRoot": true,
        "uuid": "768d56a1-78d9-42c2-b6a9-ed251f8f05a7",
        "isHook": true,
        "skipped": false
      }
    ],
    "afterHooks": [
      {
        "title": "\"after all\" hook",
        "fullTitle": "\"after all\" hook",
        "timedOut": false,
        "duration": 78,
        "pass": false,
        "fail": false,
        "pending": false,
        "code": "browser.close();\nglobal.browser = globalVariables.browser;\nglobal.expect = globalVariables.expect;\nsetTimeout(() => { cmd.run('node server.js'); }, 5000); \nsetTimeout(() => { opn('http://localhost:9988'); }, 2000);",
        "err": {},
        "isRoot": true,
        "uuid": "ad560ee1-0c9c-492d-9b75-33a9435b9b96",
        "isHook": true,
        "skipped": false
      }
    ],
    "tests": [],
    "suites": [
      {
        "uuid": "e765cb07-195f-4b63-9055-c355d5fe3cf0",
        "title": "Tests for Upwork Login functionalities",
        "fullFile": "/Users/andrewd/Personal/mocha-testing-puppeteer/test/upwork/upwork_login.spec.js",
        "file": "/test/upwork/upwork_login.spec.js",
        "beforeHooks": [
          {
            "title": "\"before all\" hook",
            "fullTitle": "Tests for Upwork Login functionalities \"before all\" hook",
            "timedOut": false,
            "duration": 3872,
            "pass": false,
            "fail": false,
            "pending": false,
            "code": "/* before hook for mocha testing */\n   page = await browser.newPage();\n   await page.goto(\"https://www.upwork.com/ab/account-security/login\");\n   await page.setViewport({ width: 1920, height: 1040 });",
            "err": {},
            "isRoot": false,
            "uuid": "854d24a2-914a-4236-97b9-aa371b112a2f",
            "isHook": true,
            "skipped": false
          }
        ],
        "afterHooks": [
          {
            "title": "\"after all\" hook",
            "fullTitle": "Tests for Upwork Login functionalities \"after all\" hook",
            "timedOut": false,
            "duration": 126,
            "pass": false,
            "fail": false,
            "pending": false,
            "code": "/* after hook for mocha testing */\n    await page.close();",
            "err": {},
            "isRoot": false,
            "uuid": "80bed619-6435-4698-a54c-e7ddf270480c",
            "isHook": true,
            "skipped": false
          }
        ],
        "tests": [
          {
            "title": "should login to home page",
            "fullTitle": "Tests for Upwork Login functionalities should login to home page",
            "timedOut": false,
            "duration": 6323,
            "state": "failed",
            "pass": false,
            "fail": true,
            "pending": false,
            "code": "/* simple test case */\n   const userInput = '#login_username';\n   const continueBtn = 'button[type=\"submit\"]'\n   const passwordInput = '#login_password';\n   const submitSelector = '#login-submit';\n   usernameInput = await page.$(userInput);\n   await usernameInput.click({ clickCount: 3 });\n   await usernameInput.type(process.env.UPWORK_USER);   // add the user name for Upwork account\n   continueButton = await page.$(continueBtn);\n   await continueButton.click();\n   pwInputField = await page.$(passwordInput);\n   await pwInputField.click({ clickCount: 3 });\n   await pwInputField.type(process.env.UPWORK_PASSWORD); // add password for Upwork account\n   \n   \n   \n   // linkSubmit = await page.$(submitSelector);\n   // await linkSubmit.click();\n   // await page.waitFor(3000);",
            "err": {
              "message": "Error: Node is either not visible or not an HTMLElement",
              "estack": "Error: Node is either not visible or not an HTMLElement\n    at ElementHandle._clickablePoint (node_modules/puppeteer/lib/JSHandle.js:196:13)\n  -- ASYNC --\n    at ElementHandle.<anonymous> (node_modules/puppeteer/lib/helper.js:110:27)\n    at Context.it (test/upwork/upwork_login.spec.js:30:24)"
            },
            "isRoot": false,
            "uuid": "fa91eeef-136a-489a-b940-0192f1cb38e3",
            "isHook": false,
            "skipped": false
          }
        ],
        "suites": [],
        "passes": [],
        "failures": [
          "fa91eeef-136a-489a-b940-0192f1cb38e3"
        ],
        "pending": [],
        "skipped": [],
        "duration": 6323,
        "root": false,
        "rootEmpty": false,
        "_timeout": 0
      }
    ],
    "passes": [],
    "failures": [],
    "pending": [],
    "skipped": [],
    "duration": 0,
    "root": true,
    "rootEmpty": true,
    "_timeout": 0
  },
  "copyrightYear": 2019
}