{
  "stats": {
    "suites": 1,
    "tests": 1,
    "passes": 0,
    "pending": 0,
    "failures": 1,
    "start": "2019-04-21T05:38:39.437Z",
    "end": "2019-04-21T05:38:50.923Z",
    "duration": 11486,
    "testsRegistered": 1,
    "passPercent": 0,
    "pendingPercent": 0,
    "other": 0,
    "hasOther": false,
    "skipped": 0,
    "hasSkipped": false,
    "passPercentClass": "danger",
    "pendingPercentClass": "danger"
  },
  "suites": {
    "uuid": "a89c5e07-1503-4c7e-89f7-55819b176f88",
    "title": "",
    "fullFile": "",
    "file": "",
    "beforeHooks": [
      {
        "title": "\"before all\" hook",
        "fullTitle": "\"before all\" hook",
        "timedOut": false,
        "duration": 1115,
        "pass": false,
        "fail": false,
        "pending": false,
        "code": "global.expect = expect;\nglobal.browser = await puppeteer.launch(opts);",
        "err": {},
        "isRoot": true,
        "uuid": "dbb331ac-8e41-4698-967f-70a9df97e1fa",
        "isHook": true,
        "skipped": false
      }
    ],
    "afterHooks": [
      {
        "title": "\"after all\" hook",
        "fullTitle": "\"after all\" hook",
        "timedOut": false,
        "duration": 69,
        "pass": false,
        "fail": false,
        "pending": false,
        "code": "browser.close();\nglobal.browser = globalVariables.browser;\nglobal.expect = globalVariables.expect;\nsetTimeout(() => { cmd.run('node server.js'); }, 5000); \nsetTimeout(() => { opn('http://localhost:9988'); }, 2000);",
        "err": {},
        "isRoot": true,
        "uuid": "a04a4abe-d75d-42a7-9e37-ec2ad0b9219a",
        "isHook": true,
        "skipped": false
      }
    ],
    "tests": [],
    "suites": [
      {
        "uuid": "b35770f2-1645-4d06-acc5-2f5eb6e60087",
        "title": "Tests for Upwork Login functionalities",
        "fullFile": "/Users/andrewd/Personal/mocha-testing-puppeteer/test/upwork/upwork_login.spec.js",
        "file": "/test/upwork/upwork_login.spec.js",
        "beforeHooks": [
          {
            "title": "\"before all\" hook",
            "fullTitle": "Tests for Upwork Login functionalities \"before all\" hook",
            "timedOut": false,
            "duration": 3843,
            "pass": false,
            "fail": false,
            "pending": false,
            "code": "/* before hook for mocha testing */\n   page = await browser.newPage();\n   await page.goto(\"https://www.upwork.com/ab/account-security/login\");\n   await page.setViewport({ width: 1920, height: 1040 });\n   page.on('error', async () => {\n     await page.screenshot({ path: './error.png' });\n   })",
            "err": {},
            "isRoot": false,
            "uuid": "5c2d8bf7-c3fc-45f3-95d9-2eb7ab3ba947",
            "isHook": true,
            "skipped": false
          }
        ],
        "afterHooks": [
          {
            "title": "\"after all\" hook",
            "fullTitle": "Tests for Upwork Login functionalities \"after all\" hook",
            "timedOut": false,
            "duration": 121,
            "pass": false,
            "fail": false,
            "pending": false,
            "code": "/* after hook for mocha testing */\n    await page.close();",
            "err": {},
            "isRoot": false,
            "uuid": "0156e653-28f5-4ed4-82f5-ea77c2015221",
            "isHook": true,
            "skipped": false
          }
        ],
        "tests": [
          {
            "title": "should login to home page",
            "fullTitle": "Tests for Upwork Login functionalities should login to home page",
            "timedOut": false,
            "duration": 6326,
            "state": "failed",
            "pass": false,
            "fail": true,
            "pending": false,
            "code": "/* simple test case */\n   const userInput = '#login_username';\n   const continueBtn = 'button[type=\"submit\"]'\n   const passwordInput = '#login_password';\n   const submitSelector = '#login-submit';\n   usernameInput = await page.$(userInput);\n   await usernameInput.click({ clickCount: 3 });\n   await usernameInput.type(process.env.UPWORK_USER);   // add the user name for Upwork account\n   continueButton = await page.$(continueBtn);\n   await continueButton.click();\n   pwInputField = await page.$(passwordInput);\n   await pwInputField.click({ clickCount: 3 });\n   await pwInputField.type(process.env.UPWORK_PASSWORD); // add password for Upwork account\n   \n   \n   \n   // linkSubmit = await page.$(submitSelector);\n   // await linkSubmit.click();\n   // await page.waitFor(3000);",
            "err": {
              "message": "Error: Node is either not visible or not an HTMLElement",
              "estack": "Error: Node is either not visible or not an HTMLElement\n    at ElementHandle._clickablePoint (node_modules/puppeteer/lib/JSHandle.js:196:13)\n  -- ASYNC --\n    at ElementHandle.<anonymous> (node_modules/puppeteer/lib/helper.js:110:27)\n    at Context.it (test/upwork/upwork_login.spec.js:33:24)"
            },
            "isRoot": false,
            "uuid": "ee3ea271-3900-4b6a-b9bd-325cfadaca19",
            "isHook": false,
            "skipped": false
          }
        ],
        "suites": [],
        "passes": [],
        "failures": [
          "ee3ea271-3900-4b6a-b9bd-325cfadaca19"
        ],
        "pending": [],
        "skipped": [],
        "duration": 6326,
        "root": false,
        "rootEmpty": false,
        "_timeout": 0
      }
    ],
    "passes": [],
    "failures": [],
    "pending": [],
    "skipped": [],
    "duration": 0,
    "root": true,
    "rootEmpty": true,
    "_timeout": 0
  },
  "copyrightYear": 2019
}