{
  "stats": {
    "suites": 1,
    "tests": 1,
    "passes": 0,
    "pending": 0,
    "failures": 1,
    "start": "2019-04-11T16:48:41.438Z",
    "end": "2019-04-11T16:48:51.156Z",
    "duration": 9718,
    "testsRegistered": 1,
    "passPercent": 0,
    "pendingPercent": 0,
    "other": 0,
    "hasOther": false,
    "skipped": 0,
    "hasSkipped": false,
    "passPercentClass": "danger",
    "pendingPercentClass": "danger"
  },
  "suites": {
    "uuid": "cbc80358-07ae-4664-ac08-64262022c10f",
    "title": "",
    "fullFile": "",
    "file": "",
    "beforeHooks": [
      {
        "title": "\"before all\" hook",
        "fullTitle": "\"before all\" hook",
        "timedOut": false,
        "duration": 1075,
        "pass": false,
        "fail": false,
        "pending": false,
        "code": "global.expect = expect;\nglobal.browser = await puppeteer.launch(opts);",
        "err": {},
        "isRoot": true,
        "uuid": "a2a68689-d66c-4236-b7de-699b266ec633",
        "isHook": true,
        "skipped": false
      }
    ],
    "afterHooks": [
      {
        "title": "\"after all\" hook",
        "fullTitle": "\"after all\" hook",
        "timedOut": false,
        "duration": 71,
        "pass": false,
        "fail": false,
        "pending": false,
        "code": "browser.close();\nglobal.browser = globalVariables.browser;\nglobal.expect = globalVariables.expect;\nsetTimeout(() => { cmd.run('node server.js'); }, 5000); \nsetTimeout(() => { opn('http://localhost:9988'); }, 2000);",
        "err": {},
        "isRoot": true,
        "uuid": "1c2d54c5-8b8d-42c1-8e27-591f2190a25a",
        "isHook": true,
        "skipped": false
      }
    ],
    "tests": [],
    "suites": [
      {
        "uuid": "26470c9e-f063-4053-96c5-26fd7c660c01",
        "title": "Tests for Upwork Login functionalities",
        "fullFile": "/Users/andrewd/Personal/mocha-testing-puppeteer/test/upwork/upwork_login.spec.js",
        "file": "/test/upwork/upwork_login.spec.js",
        "beforeHooks": [
          {
            "title": "\"before all\" hook",
            "fullTitle": "Tests for Upwork Login functionalities \"before all\" hook",
            "timedOut": false,
            "duration": 4214,
            "pass": false,
            "fail": false,
            "pending": false,
            "code": "/* before hook for mocha testing */\n   page = await browser.newPage();\n   await page.goto(\"https://www.upwork.com/ab/account-security/login\");\n   await page.setViewport({ width: 1920, height: 1040 });",
            "err": {},
            "isRoot": false,
            "uuid": "8b710411-4975-453c-9298-21b09f956726",
            "isHook": true,
            "skipped": false
          }
        ],
        "afterHooks": [
          {
            "title": "\"after all\" hook",
            "fullTitle": "Tests for Upwork Login functionalities \"after all\" hook",
            "timedOut": false,
            "duration": 130,
            "pass": false,
            "fail": false,
            "pending": false,
            "code": "/* after hook for mocha testing */\n    await page.close();",
            "err": {},
            "isRoot": false,
            "uuid": "8e83ff1f-d493-4cf9-94c8-282154f19ba6",
            "isHook": true,
            "skipped": false
          }
        ],
        "tests": [
          {
            "title": "should login to home page",
            "fullTitle": "Tests for Upwork Login functionalities should login to home page",
            "timedOut": false,
            "duration": 4215,
            "state": "failed",
            "pass": false,
            "fail": true,
            "pending": false,
            "code": "/* simple test case */\n   const userInput = '#login_username';\n   const continueBtn = 'button[type=\"submit\"]'\n   const passwordInput = '#login_password';\n   const submitSelector = '#login-submit';\n   usernameInput = await page.$(userInput);\n   await usernameInput.click({ clickCount: 3 });\n   await usernameInput.type(process.env.UPWORK_USER);   // add the user name for Upwork account\n   continueButton = await page.$(continueBtn);\n   await continueButton.click();\n   pwInputField = await page.$(passwordInput);\n   await pwInputField.click({ clickCount: 3 });\n   await pwInputField.type(process.env.UPWORK_PASSWORD); // add password for Upwork account\n   \n   \n   \n   // linkSubmit = await page.$(submitSelector);\n   // await linkSubmit.click();\n   // await page.waitFor(3000);",
            "err": {
              "message": "Error: Node is either not visible or not an HTMLElement",
              "estack": "Error: Node is either not visible or not an HTMLElement\n    at ElementHandle._clickablePoint (node_modules/puppeteer/lib/JSHandle.js:196:13)\n  -- ASYNC --\n    at ElementHandle.<anonymous> (node_modules/puppeteer/lib/helper.js:110:27)\n    at Context.it (test/upwork/upwork_login.spec.js:30:24)"
            },
            "isRoot": false,
            "uuid": "bd7ee312-ab27-41d9-bf69-34eff5abab75",
            "isHook": false,
            "skipped": false
          }
        ],
        "suites": [],
        "passes": [],
        "failures": [
          "bd7ee312-ab27-41d9-bf69-34eff5abab75"
        ],
        "pending": [],
        "skipped": [],
        "duration": 4215,
        "root": false,
        "rootEmpty": false,
        "_timeout": 0
      }
    ],
    "passes": [],
    "failures": [],
    "pending": [],
    "skipped": [],
    "duration": 0,
    "root": true,
    "rootEmpty": true,
    "_timeout": 0
  },
  "copyrightYear": 2019
}